2018-04-12 18:19:14,362 [Worker-13] INFO  o.e.m.c.i.l.LifecycleMappingFactory - Using org.eclipse.m2e.jdt.JarLifecycleMapping lifecycle mapping for MavenProject: com.niit:project1backend:0.0.1-SNAPSHOT @ H:\project1(punita medam)\E-Commerce\project1backend\pom.xml.
2018-04-12 18:19:18,326 [Worker-11] INFO  o.e.m.c.i.embedder.EclipseLogger - Using 'UTF-8' encoding to copy filtered resources.
2018-04-12 18:19:18,327 [Worker-11] INFO  o.e.m.c.i.embedder.EclipseLogger - skip non existing resourceDirectory H:\project1(punita medam)\E-Commerce\project1backend\src\main\resources
2018-04-12 18:19:18,329 [Worker-11] INFO  o.e.m.c.i.embedder.EclipseLogger - Using 'UTF-8' encoding to copy filtered resources.
2018-04-12 18:19:18,329 [Worker-11] INFO  o.e.m.c.i.embedder.EclipseLogger - skip non existing resourceDirectory H:\project1(punita medam)\E-Commerce\project1backend\src\test\resources
2018-04-12 18:19:20,647 [Worker-8] INFO  o.e.m.c.i.embedder.EclipseLogger - Using 'UTF-8' encoding to copy filtered resources.
2018-04-12 18:19:20,647 [Worker-8] INFO  o.e.m.c.i.embedder.EclipseLogger - skip non existing resourceDirectory H:\project1(punita medam)\E-Commerce\project1backend\src\main\resources
2018-04-12 18:19:20,649 [Worker-8] INFO  o.e.m.c.i.embedder.EclipseLogger - Using 'UTF-8' encoding to copy filtered resources.
2018-04-12 18:19:20,649 [Worker-8] INFO  o.e.m.c.i.embedder.EclipseLogger - skip non existing resourceDirectory H:\project1(punita medam)\E-Commerce\project1backend\src\test\resources
2018-04-12 18:19:37,679 [Worker-14] INFO  o.e.m.c.i.embedder.EclipseLogger - Using 'UTF-8' encoding to copy filtered resources.
2018-04-12 18:19:37,679 [Worker-14] INFO  o.e.m.c.i.embedder.EclipseLogger - skip non existing resourceDirectory H:\project1(punita medam)\E-Commerce\project1backend\src\main\resources
2018-04-12 18:19:37,681 [Worker-14] INFO  o.e.m.c.i.embedder.EclipseLogger - Using 'UTF-8' encoding to copy filtered resources.
2018-04-12 18:19:37,682 [Worker-14] INFO  o.e.m.c.i.embedder.EclipseLogger - skip non existing resourceDirectory H:\project1(punita medam)\E-Commerce\project1backend\src\test\resources
2018-04-12 18:20:03,527 [Worker-9] INFO  o.e.m.c.i.l.LifecycleMappingFactory - Using org.maven.ide.eclipse.wtp.WarLifecycleMapping lifecycle mapping for MavenProject: com.niit:project1frontend:0.0.1-SNAPSHOT @ H:\project1(punita medam)\E-Commerce\project1frontend\pom.xml.
2018-04-12 18:20:05,463 [Worker-9] WARN  o.e.m.c.i.embedder.EclipseLogger - Using platform encoding (Cp1252 actually) to copy filtered resources, i.e. build is platform dependent!
2018-04-12 18:20:05,474 [Worker-9] INFO  o.e.m.c.i.embedder.EclipseLogger - Copying 0 resource
2018-04-12 18:20:05,476 [Worker-9] WARN  o.e.m.c.i.embedder.EclipseLogger - Using platform encoding (Cp1252 actually) to copy filtered resources, i.e. build is platform dependent!
2018-04-12 18:20:05,483 [Worker-9] INFO  o.e.m.c.i.embedder.EclipseLogger - skip non existing resourceDirectory H:\project1(punita medam)\E-Commerce\project1frontend\src\test\resources
2018-04-12 18:20:08,565 [Worker-14] WARN  o.e.m.c.i.embedder.EclipseLogger - Using platform encoding (Cp1252 actually) to copy filtered resources, i.e. build is platform dependent!
2018-04-12 18:20:08,648 [Worker-14] INFO  o.e.m.c.i.embedder.EclipseLogger - Copying 0 resource
2018-04-12 18:20:08,650 [Worker-14] WARN  o.e.m.c.i.embedder.EclipseLogger - Using platform encoding (Cp1252 actually) to copy filtered resources, i.e. build is platform dependent!
2018-04-12 18:20:08,681 [Worker-14] INFO  o.e.m.c.i.embedder.EclipseLogger - skip non existing resourceDirectory H:\project1(punita medam)\E-Commerce\project1frontend\src\test\resources
2018-04-12 18:21:07,963 [Worker-15] INFO  o.e.m.c.i.embedder.EclipseLogger - Using 'UTF-8' encoding to copy filtered resources.
2018-04-12 18:21:07,963 [Worker-15] INFO  o.e.m.c.i.embedder.EclipseLogger - skip non existing resourceDirectory H:\project1(punita medam)\E-Commerce\project1backend\src\main\resources
2018-04-12 18:21:07,964 [Worker-15] INFO  o.e.m.c.i.embedder.EclipseLogger - Using 'UTF-8' encoding to copy filtered resources.
2018-04-12 18:21:07,965 [Worker-15] INFO  o.e.m.c.i.embedder.EclipseLogger - skip non existing resourceDirectory H:\project1(punita medam)\E-Commerce\project1backend\src\test\resources
2018-04-12 18:21:08,071 [Worker-15] WARN  o.e.m.c.i.embedder.EclipseLogger - Using platform encoding (Cp1252 actually) to copy filtered resources, i.e. build is platform dependent!
2018-04-12 18:21:08,097 [Worker-15] INFO  o.e.m.c.i.embedder.EclipseLogger - Copying 0 resource
2018-04-12 18:21:08,099 [Worker-15] WARN  o.e.m.c.i.embedder.EclipseLogger - Using platform encoding (Cp1252 actually) to copy filtered resources, i.e. build is platform dependent!
2018-04-12 18:21:08,113 [Worker-15] INFO  o.e.m.c.i.embedder.EclipseLogger - skip non existing resourceDirectory H:\project1(punita medam)\E-Commerce\project1frontend\src\test\resources
2018-04-12 18:21:47,933 [Worker-2] INFO  o.e.m.c.i.p.ProjectConfigurationManager - Update started
2018-04-12 18:21:48,733 [Worker-2] INFO  o.e.m.c.i.l.LifecycleMappingFactory - Using org.eclipse.m2e.jdt.JarLifecycleMapping lifecycle mapping for MavenProject: com.niit:project1backend:0.0.1-SNAPSHOT @ H:\project1(punita medam)\E-Commerce\project1backend\pom.xml.
2018-04-12 18:21:49,169 [Worker-2] INFO  o.e.m.c.i.l.LifecycleMappingFactory - Using org.maven.ide.eclipse.wtp.WarLifecycleMapping lifecycle mapping for MavenProject: com.niit:project1frontend:0.0.1-SNAPSHOT @ H:\project1(punita medam)\E-Commerce\project1frontend\pom.xml.
2018-04-12 18:21:50,612 [Worker-2] INFO  o.e.m.j.i.AbstractJavaProjectConfigurator - Adding source folder /project1backend/src/main/java
2018-04-12 18:21:50,613 [Worker-2] INFO  o.e.m.j.i.AbstractJavaProjectConfigurator - Adding source folder /project1backend/src/test/java
2018-04-12 18:21:50,831 [Worker-2] INFO  o.e.m.j.i.AbstractJavaProjectConfigurator - Adding source folder /project1frontend/src/main/java
2018-04-12 18:21:50,832 [Worker-2] INFO  o.e.m.j.i.AbstractJavaProjectConfigurator - Adding resource folder /project1frontend/src/main/resources
2018-04-12 18:21:50,832 [Worker-2] INFO  o.e.m.j.i.AbstractJavaProjectConfigurator - Adding source folder /project1frontend/src/test/java
2018-04-12 18:21:53,072 [Worker-2] INFO  o.e.m.w.i.f.ResourceFilteringBuildParticipant - Cleaning filtered folder for project1frontend
2018-04-12 18:21:53,077 [Worker-2] INFO  o.e.m.c.i.p.ProjectConfigurationManager - Update completed: 5 sec
2018-04-12 18:21:53,739 [Worker-14] INFO  o.e.m.c.i.embedder.EclipseLogger - Using 'UTF-8' encoding to copy filtered resources.
2018-04-12 18:21:53,739 [Worker-14] INFO  o.e.m.c.i.embedder.EclipseLogger - skip non existing resourceDirectory H:\project1(punita medam)\E-Commerce\project1backend\src\main\resources
2018-04-12 18:21:53,742 [Worker-14] INFO  o.e.m.c.i.embedder.EclipseLogger - Using 'UTF-8' encoding to copy filtered resources.
2018-04-12 18:21:53,742 [Worker-14] INFO  o.e.m.c.i.embedder.EclipseLogger - skip non existing resourceDirectory H:\project1(punita medam)\E-Commerce\project1backend\src\test\resources
2018-04-12 18:21:54,617 [Worker-14] WARN  o.e.m.c.i.embedder.EclipseLogger - Using platform encoding (Cp1252 actually) to copy filtered resources, i.e. build is platform dependent!
2018-04-12 18:21:54,630 [Worker-14] INFO  o.e.m.c.i.embedder.EclipseLogger - Copying 0 resource
2018-04-12 18:21:54,632 [Worker-14] WARN  o.e.m.c.i.embedder.EclipseLogger - Using platform encoding (Cp1252 actually) to copy filtered resources, i.e. build is platform dependent!
2018-04-12 18:21:54,640 [Worker-14] INFO  o.e.m.c.i.embedder.EclipseLogger - skip non existing resourceDirectory H:\project1(punita medam)\E-Commerce\project1frontend\src\test\resources
2018-04-12 18:21:54,640 [Worker-14] INFO  o.e.m.w.i.f.ResourceFilteringBuildParticipant - Changed resources require a complete clean of filtered resources of project1frontend
2018-04-12 18:21:54,641 [Worker-14] INFO  o.e.m.w.i.f.ResourceFilteringBuildParticipant - Executing resource filtering for project1frontend
2018-04-12 18:21:54,647 [Worker-14] WARN  o.e.m.c.i.embedder.EclipseLogger - Using platform encoding (Cp1252 actually) to copy filtered resources, i.e. build is platform dependent!
2018-04-12 18:23:09,256 [Worker-11] WARN  o.e.m.c.i.embedder.EclipseLogger - Using platform encoding (Cp1252 actually) to copy filtered resources, i.e. build is platform dependent!
2018-04-12 18:23:09,277 [Worker-11] INFO  o.e.m.c.i.embedder.EclipseLogger - Copying 0 resource
2018-04-12 18:23:09,279 [Worker-11] WARN  o.e.m.c.i.embedder.EclipseLogger - Using platform encoding (Cp1252 actually) to copy filtered resources, i.e. build is platform dependent!
2018-04-12 18:23:09,288 [Worker-11] INFO  o.e.m.c.i.embedder.EclipseLogger - skip non existing resourceDirectory H:\project1(punita medam)\E-Commerce\project1frontend\src\test\resources
2018-04-12 18:23:21,386 [Worker-1] INFO  o.e.m.c.i.p.ProjectConfigurationManager - Update started
2018-04-12 18:23:22,369 [Worker-1] INFO  o.e.m.c.i.l.LifecycleMappingFactory - Using org.eclipse.m2e.jdt.JarLifecycleMapping lifecycle mapping for MavenProject: com.niit:project1backend:0.0.1-SNAPSHOT @ H:\project1(punita medam)\E-Commerce\project1backend\pom.xml.
2018-04-12 18:23:22,750 [Worker-1] INFO  o.e.m.c.i.l.LifecycleMappingFactory - Using org.maven.ide.eclipse.wtp.WarLifecycleMapping lifecycle mapping for MavenProject: com.niit:project1frontend:0.0.1-SNAPSHOT @ H:\project1(punita medam)\E-Commerce\project1frontend\pom.xml.
2018-04-12 18:23:24,174 [Worker-1] INFO  o.e.m.j.i.AbstractJavaProjectConfigurator - Adding source folder /project1backend/src/main/java
2018-04-12 18:23:24,175 [Worker-1] INFO  o.e.m.j.i.AbstractJavaProjectConfigurator - Adding source folder /project1backend/src/test/java
2018-04-12 18:23:24,337 [Worker-1] INFO  o.e.m.j.i.AbstractJavaProjectConfigurator - Adding source folder /project1frontend/src/main/java
2018-04-12 18:23:24,337 [Worker-1] INFO  o.e.m.j.i.AbstractJavaProjectConfigurator - Adding resource folder /project1frontend/src/main/resources
2018-04-12 18:23:24,337 [Worker-1] INFO  o.e.m.j.i.AbstractJavaProjectConfigurator - Adding source folder /project1frontend/src/test/java
2018-04-12 18:23:26,571 [Worker-1] INFO  o.e.m.w.i.f.ResourceFilteringBuildParticipant - Cleaning filtered folder for project1frontend
2018-04-12 18:23:26,575 [Worker-1] INFO  o.e.m.c.i.p.ProjectConfigurationManager - Update completed: 5 sec
2018-04-12 18:23:27,354 [Worker-13] INFO  o.e.m.c.i.embedder.EclipseLogger - Using 'UTF-8' encoding to copy filtered resources.
2018-04-12 18:23:27,354 [Worker-13] INFO  o.e.m.c.i.embedder.EclipseLogger - skip non existing resourceDirectory H:\project1(punita medam)\E-Commerce\project1backend\src\main\resources
2018-04-12 18:23:27,356 [Worker-13] INFO  o.e.m.c.i.embedder.EclipseLogger - Using 'UTF-8' encoding to copy filtered resources.
2018-04-12 18:23:27,356 [Worker-13] INFO  o.e.m.c.i.embedder.EclipseLogger - skip non existing resourceDirectory H:\project1(punita medam)\E-Commerce\project1backend\src\test\resources
2018-04-12 18:23:28,119 [Worker-13] WARN  o.e.m.c.i.embedder.EclipseLogger - Using platform encoding (Cp1252 actually) to copy filtered resources, i.e. build is platform dependent!
2018-04-12 18:23:28,134 [Worker-13] INFO  o.e.m.c.i.embedder.EclipseLogger - Copying 0 resource
2018-04-12 18:23:28,136 [Worker-13] WARN  o.e.m.c.i.embedder.EclipseLogger - Using platform encoding (Cp1252 actually) to copy filtered resources, i.e. build is platform dependent!
2018-04-12 18:23:28,149 [Worker-13] INFO  o.e.m.c.i.embedder.EclipseLogger - skip non existing resourceDirectory H:\project1(punita medam)\E-Commerce\project1frontend\src\test\resources
2018-04-12 18:23:28,150 [Worker-13] INFO  o.e.m.w.i.f.ResourceFilteringBuildParticipant - Changed resources require a complete clean of filtered resources of project1frontend
2018-04-12 18:23:28,151 [Worker-13] INFO  o.e.m.w.i.f.ResourceFilteringBuildParticipant - Executing resource filtering for project1frontend
2018-04-12 18:23:28,161 [Worker-13] WARN  o.e.m.c.i.embedder.EclipseLogger - Using platform encoding (Cp1252 actually) to copy filtered resources, i.e. build is platform dependent!
2018-04-12 18:27:54,631 [Worker-0] WARN  o.e.m.c.i.embedder.EclipseLogger - Using platform encoding (Cp1252 actually) to copy filtered resources, i.e. build is platform dependent!
2018-04-12 18:27:54,732 [Worker-0] INFO  o.e.m.c.i.embedder.EclipseLogger - Copying 0 resource
2018-04-12 18:27:54,734 [Worker-0] WARN  o.e.m.c.i.embedder.EclipseLogger - Using platform encoding (Cp1252 actually) to copy filtered resources, i.e. build is platform dependent!
2018-04-12 18:27:54,739 [Worker-0] INFO  o.e.m.c.i.embedder.EclipseLogger - skip non existing resourceDirectory H:\project1(punita medam)\E-Commerce\project1frontend\src\test\resources
2018-04-12 18:42:47,671 [Worker-0] WARN  o.e.m.c.i.embedder.EclipseLogger - Using platform encoding (Cp1252 actually) to copy filtered resources, i.e. build is platform dependent!
2018-04-12 18:42:47,681 [Worker-0] INFO  o.e.m.c.i.embedder.EclipseLogger - Copying 0 resource
2018-04-12 18:42:47,683 [Worker-0] WARN  o.e.m.c.i.embedder.EclipseLogger - Using platform encoding (Cp1252 actually) to copy filtered resources, i.e. build is platform dependent!
2018-04-12 18:42:47,692 [Worker-0] INFO  o.e.m.c.i.embedder.EclipseLogger - skip non existing resourceDirectory H:\project1(punita medam)\E-Commerce\project1frontend\src\test\resources
2018-04-12 18:43:01,900 [Worker-26] INFO  o.e.m.c.i.embedder.EclipseLogger - Using 'UTF-8' encoding to copy filtered resources.
2018-04-12 18:43:01,901 [Worker-26] INFO  o.e.m.c.i.embedder.EclipseLogger - skip non existing resourceDirectory H:\project1(punita medam)\E-Commerce\project1backend\src\main\resources
2018-04-12 18:43:01,902 [Worker-26] INFO  o.e.m.c.i.embedder.EclipseLogger - Using 'UTF-8' encoding to copy filtered resources.
2018-04-12 18:43:01,902 [Worker-26] INFO  o.e.m.c.i.embedder.EclipseLogger - skip non existing resourceDirectory H:\project1(punita medam)\E-Commerce\project1backend\src\test\resources
2018-04-12 18:43:01,917 [Worker-26] WARN  o.e.m.c.i.embedder.EclipseLogger - Using platform encoding (Cp1252 actually) to copy filtered resources, i.e. build is platform dependent!
2018-04-12 18:43:01,938 [Worker-26] INFO  o.e.m.c.i.embedder.EclipseLogger - Copying 0 resource
2018-04-12 18:43:01,943 [Worker-26] WARN  o.e.m.c.i.embedder.EclipseLogger - Using platform encoding (Cp1252 actually) to copy filtered resources, i.e. build is platform dependent!
2018-04-12 18:43:01,959 [Worker-26] INFO  o.e.m.c.i.embedder.EclipseLogger - skip non existing resourceDirectory H:\project1(punita medam)\E-Commerce\project1frontend\src\test\resources
2018-04-13 09:10:01,889 [Worker-1] WARN  o.e.m.c.i.embedder.EclipseLogger - Using platform encoding (Cp1252 actually) to copy filtered resources, i.e. build is platform dependent!
2018-04-13 09:10:01,948 [Worker-1] INFO  o.e.m.c.i.embedder.EclipseLogger - Copying 0 resource
2018-04-13 09:10:01,955 [Worker-1] WARN  o.e.m.c.i.embedder.EclipseLogger - Using platform encoding (Cp1252 actually) to copy filtered resources, i.e. build is platform dependent!
2018-04-13 09:10:01,975 [Worker-1] INFO  o.e.m.c.i.embedder.EclipseLogger - skip non existing resourceDirectory H:\project1(punita medam)\E-Commerce\project1frontend\src\test\resources
2018-04-13 09:10:53,379 [Worker-21] WARN  o.e.m.c.i.embedder.EclipseLogger - Using platform encoding (Cp1252 actually) to copy filtered resources, i.e. build is platform dependent!
2018-04-13 09:10:53,416 [Worker-21] INFO  o.e.m.c.i.embedder.EclipseLogger - Copying 0 resource
2018-04-13 09:10:53,418 [Worker-21] WARN  o.e.m.c.i.embedder.EclipseLogger - Using platform encoding (Cp1252 actually) to copy filtered resources, i.e. build is platform dependent!
2018-04-13 09:10:53,425 [Worker-21] INFO  o.e.m.c.i.embedder.EclipseLogger - skip non existing resourceDirectory H:\project1(punita medam)\E-Commerce\project1frontend\src\test\resources
2018-04-13 09:12:30,321 [Worker-21] WARN  o.e.m.c.i.embedder.EclipseLogger - Using platform encoding (Cp1252 actually) to copy filtered resources, i.e. build is platform dependent!
2018-04-13 09:12:30,355 [Worker-21] INFO  o.e.m.c.i.embedder.EclipseLogger - Copying 0 resource
2018-04-13 09:12:30,358 [Worker-21] WARN  o.e.m.c.i.embedder.EclipseLogger - Using platform encoding (Cp1252 actually) to copy filtered resources, i.e. build is platform dependent!
2018-04-13 09:12:30,377 [Worker-21] INFO  o.e.m.c.i.embedder.EclipseLogger - skip non existing resourceDirectory H:\project1(punita medam)\E-Commerce\project1frontend\src\test\resources
2018-04-13 09:12:44,430 [Worker-0] WARN  o.e.m.c.i.embedder.EclipseLogger - Using platform encoding (Cp1252 actually) to copy filtered resources, i.e. build is platform dependent!
2018-04-13 09:12:44,452 [Worker-0] INFO  o.e.m.c.i.embedder.EclipseLogger - Copying 0 resource
2018-04-13 09:12:44,454 [Worker-0] WARN  o.e.m.c.i.embedder.EclipseLogger - Using platform encoding (Cp1252 actually) to copy filtered resources, i.e. build is platform dependent!
2018-04-13 09:12:44,466 [Worker-0] INFO  o.e.m.c.i.embedder.EclipseLogger - skip non existing resourceDirectory H:\project1(punita medam)\E-Commerce\project1frontend\src\test\resources
2018-04-13 09:12:58,554 [Worker-12] INFO  o.e.m.c.i.p.ProjectConfigurationManager - Update started
2018-04-13 09:13:04,766 [Worker-12] INFO  o.e.m.c.i.l.LifecycleMappingFactory - Using org.eclipse.m2e.jdt.JarLifecycleMapping lifecycle mapping for MavenProject: com.niit:project1backend:0.0.1-SNAPSHOT @ H:\project1(punita medam)\E-Commerce\project1backend\pom.xml.
2018-04-13 09:13:05,199 [Worker-12] INFO  o.e.m.c.i.l.LifecycleMappingFactory - Using org.maven.ide.eclipse.wtp.WarLifecycleMapping lifecycle mapping for MavenProject: com.niit:project1frontend:0.0.1-SNAPSHOT @ H:\project1(punita medam)\E-Commerce\project1frontend\pom.xml.
2018-04-13 09:13:07,498 [Worker-12] INFO  o.e.m.j.i.AbstractJavaProjectConfigurator - Adding source folder /project1backend/src/main/java
2018-04-13 09:13:07,499 [Worker-12] INFO  o.e.m.j.i.AbstractJavaProjectConfigurator - Adding source folder /project1backend/src/test/java
2018-04-13 09:13:07,855 [Worker-12] INFO  o.e.m.j.i.AbstractJavaProjectConfigurator - Adding source folder /project1frontend/src/main/java
2018-04-13 09:13:07,855 [Worker-12] INFO  o.e.m.j.i.AbstractJavaProjectConfigurator - Adding resource folder /project1frontend/src/main/resources
2018-04-13 09:13:07,856 [Worker-12] INFO  o.e.m.j.i.AbstractJavaProjectConfigurator - Adding source folder /project1frontend/src/test/java
2018-04-13 09:13:08,804 [Worker-12] ERROR o.e.m.w.jsf.internal.utils.JSFUtils - An error occured trying to find to javax.faces.webapp.FacesServlet :
java.net.UnknownHostException: java.sun.com
	at java.net.AbstractPlainSocketImpl.connect(Unknown Source) ~[na:1.8.0_151]
	at java.net.PlainSocketImpl.connect(Unknown Source) ~[na:1.8.0_151]
	at java.net.SocksSocketImpl.connect(Unknown Source) ~[na:1.8.0_151]
	at java.net.Socket.connect(Unknown Source) ~[na:1.8.0_151]
	at java.net.Socket.connect(Unknown Source) ~[na:1.8.0_151]
	at sun.net.NetworkClient.doConnect(Unknown Source) ~[na:1.8.0_151]
	at sun.net.www.http.HttpClient.openServer(Unknown Source) ~[na:1.8.0_151]
	at sun.net.www.http.HttpClient.openServer(Unknown Source) ~[na:1.8.0_151]
	at sun.net.www.http.HttpClient.<init>(Unknown Source) ~[na:1.8.0_151]
	at sun.net.www.http.HttpClient.New(Unknown Source) ~[na:1.8.0_151]
	at sun.net.www.http.HttpClient.New(Unknown Source) ~[na:1.8.0_151]
	at sun.net.www.protocol.http.HttpURLConnection.getNewHttpClient(Unknown Source) ~[na:1.8.0_151]
	at sun.net.www.protocol.http.HttpURLConnection.plainConnect0(Unknown Source) ~[na:1.8.0_151]
	at sun.net.www.protocol.http.HttpURLConnection.plainConnect(Unknown Source) ~[na:1.8.0_151]
	at sun.net.www.protocol.http.HttpURLConnection.connect(Unknown Source) ~[na:1.8.0_151]
	at sun.net.www.protocol.http.HttpURLConnection.getInputStream0(Unknown Source) ~[na:1.8.0_151]
	at sun.net.www.protocol.http.HttpURLConnection.getInputStream(Unknown Source) ~[na:1.8.0_151]
	at com.sun.org.apache.xerces.internal.impl.XMLEntityManager.setupCurrentEntity(Unknown Source) ~[na:1.8.0_151]
	at com.sun.org.apache.xerces.internal.impl.XMLEntityManager.startEntity(Unknown Source) ~[na:1.8.0_151]
	at com.sun.org.apache.xerces.internal.impl.XMLEntityManager.startDTDEntity(Unknown Source) ~[na:1.8.0_151]
	at com.sun.org.apache.xerces.internal.impl.XMLDTDScannerImpl.setInputSource(Unknown Source) ~[na:1.8.0_151]
	at com.sun.org.apache.xerces.internal.impl.XMLDocumentScannerImpl$DTDDriver.dispatch(Unknown Source) ~[na:1.8.0_151]
	at com.sun.org.apache.xerces.internal.impl.XMLDocumentScannerImpl$DTDDriver.next(Unknown Source) ~[na:1.8.0_151]
	at com.sun.org.apache.xerces.internal.impl.XMLDocumentScannerImpl$PrologDriver.next(Unknown Source) ~[na:1.8.0_151]
	at com.sun.org.apache.xerces.internal.impl.XMLDocumentScannerImpl.next(Unknown Source) ~[na:1.8.0_151]
	at com.sun.org.apache.xerces.internal.impl.XMLDocumentFragmentScannerImpl.scanDocument(Unknown Source) ~[na:1.8.0_151]
	at com.sun.org.apache.xerces.internal.parsers.XML11Configuration.parse(Unknown Source) ~[na:1.8.0_151]
	at com.sun.org.apache.xerces.internal.parsers.XML11Configuration.parse(Unknown Source) ~[na:1.8.0_151]
	at com.sun.org.apache.xerces.internal.parsers.XMLParser.parse(Unknown Source) ~[na:1.8.0_151]
	at com.sun.org.apache.xerces.internal.parsers.DOMParser.parse(Unknown Source) ~[na:1.8.0_151]
	at com.sun.org.apache.xerces.internal.jaxp.DocumentBuilderImpl.parse(Unknown Source) ~[na:1.8.0_151]
	at javax.xml.parsers.DocumentBuilder.parse(Unknown Source) ~[na:1.8.0_151]
	at org.eclipse.m2e.wtp.jsf.internal.utils.JSFUtils.hasFacesServlet(JSFUtils.java:139) [org.eclipse.m2e.wtp.jsf_1.2.1.20150819-2220.jar:na]
	at org.eclipse.m2e.wtp.jsf.internal.utils.JSFUtils.hasFacesServlet(JSFUtils.java:115) [org.eclipse.m2e.wtp.jsf_1.2.1.20150819-2220.jar:na]
	at org.eclipse.m2e.wtp.jsf.internal.configurators.WebXmlJSFFacetDetector.hasFacesServletInWebXml(WebXmlJSFFacetDetector.java:80) [org.eclipse.m2e.wtp.jsf_1.2.1.20150819-2220.jar:na]
	at org.eclipse.m2e.wtp.jsf.internal.configurators.WebXmlJSFFacetDetector.findFacetVersion(WebXmlJSFFacetDetector.java:55) [org.eclipse.m2e.wtp.jsf_1.2.1.20150819-2220.jar:na]
	at org.eclipse.m2e.wtp.facets.FacetDetectorManager.findFacetVersion(FacetDetectorManager.java:91) [org.eclipse.m2e.wtp_1.2.1.20150819-2220.jar:na]
	at org.eclipse.m2e.wtp.facets.FacetDetectorManager.findFacetVersion(FacetDetectorManager.java:61) [org.eclipse.m2e.wtp_1.2.1.20150819-2220.jar:na]
	at org.eclipse.m2e.wtp.jsf.internal.configurators.JSFProjectConfigurator.configureInternal(JSFProjectConfigurator.java:93) [org.eclipse.m2e.wtp.jsf_1.2.1.20150819-2220.jar:na]
	at org.eclipse.m2e.wtp.jsf.internal.configurators.JSFProjectConfigurator.configure(JSFProjectConfigurator.java:68) [org.eclipse.m2e.wtp.jsf_1.2.1.20150819-2220.jar:na]
	at org.eclipse.m2e.core.project.configurator.AbstractLifecycleMapping.configure(AbstractLifecycleMapping.java:120) [org.eclipse.m2e.core_1.6.2.20150902-0002.jar:na]
	at org.eclipse.m2e.core.internal.project.ProjectConfigurationManager$3.call(ProjectConfigurationManager.java:501) [org.eclipse.m2e.core_1.6.2.20150902-0002.jar:na]
	at org.eclipse.m2e.core.internal.project.ProjectConfigurationManager$3.call(ProjectConfigurationManager.java:1) [org.eclipse.m2e.core_1.6.2.20150902-0002.jar:na]
	at org.eclipse.m2e.core.internal.embedder.MavenExecutionContext.executeBare(MavenExecutionContext.java:176) [org.eclipse.m2e.core_1.6.2.20150902-0002.jar:na]
	at org.eclipse.m2e.core.internal.embedder.MavenExecutionContext.execute(MavenExecutionContext.java:151) [org.eclipse.m2e.core_1.6.2.20150902-0002.jar:na]
	at org.eclipse.m2e.core.internal.project.ProjectConfigurationManager.updateProjectConfiguration(ProjectConfigurationManager.java:494) [org.eclipse.m2e.core_1.6.2.20150902-0002.jar:na]
	at org.eclipse.m2e.core.internal.project.ProjectConfigurationManager.updateProjectConfiguration0(ProjectConfigurationManager.java:432) [org.eclipse.m2e.core_1.6.2.20150902-0002.jar:na]
	at org.eclipse.m2e.core.internal.project.ProjectConfigurationManager$2.call(ProjectConfigurationManager.java:345) [org.eclipse.m2e.core_1.6.2.20150902-0002.jar:na]
	at org.eclipse.m2e.core.internal.project.ProjectConfigurationManager$2.call(ProjectConfigurationManager.java:1) [org.eclipse.m2e.core_1.6.2.20150902-0002.jar:na]
	at org.eclipse.m2e.core.internal.embedder.MavenExecutionContext.executeBare(MavenExecutionContext.java:176) [org.eclipse.m2e.core_1.6.2.20150902-0002.jar:na]
	at org.eclipse.m2e.core.internal.embedder.MavenExecutionContext.execute(MavenExecutionContext.java:151) [org.eclipse.m2e.core_1.6.2.20150902-0002.jar:na]
	at org.eclipse.m2e.core.internal.embedder.MavenExecutionContext.execute(MavenExecutionContext.java:99) [org.eclipse.m2e.core_1.6.2.20150902-0002.jar:na]
	at org.eclipse.m2e.core.internal.embedder.MavenImpl.execute(MavenImpl.java:1351) [org.eclipse.m2e.core_1.6.2.20150902-0002.jar:na]
	at org.eclipse.m2e.core.internal.project.ProjectConfigurationManager.updateProjectConfiguration(ProjectConfigurationManager.java:342) [org.eclipse.m2e.core_1.6.2.20150902-0002.jar:na]
	at org.eclipse.m2e.core.ui.internal.UpdateMavenProjectJob.runInWorkspace(UpdateMavenProjectJob.java:77) [org.eclipse.m2e.core.ui_1.6.2.20150902-0002.jar:na]
	at org.eclipse.core.internal.resources.InternalWorkspaceJob.run(InternalWorkspaceJob.java:39) [org.eclipse.core.resources_3.10.1.v20150725-1910.jar:na]
	at org.eclipse.core.internal.jobs.Worker.run(Worker.java:55) [org.eclipse.core.jobs_3.7.0.v20150330-2103.jar:na]
2018-04-13 09:13:09,480 [Worker-12] INFO  o.e.m.w.i.f.ResourceFilteringBuildParticipant - Cleaning filtered folder for project1frontend
2018-04-13 09:13:09,484 [Worker-12] INFO  o.e.m.c.i.p.ProjectConfigurationManager - Update completed: 10 sec
2018-04-13 09:13:10,548 [Worker-23] INFO  o.e.m.c.i.embedder.EclipseLogger - Using 'UTF-8' encoding to copy filtered resources.
2018-04-13 09:13:10,549 [Worker-23] INFO  o.e.m.c.i.embedder.EclipseLogger - skip non existing resourceDirectory H:\project1(punita medam)\E-Commerce\project1backend\src\main\resources
2018-04-13 09:13:10,551 [Worker-23] INFO  o.e.m.c.i.embedder.EclipseLogger - Using 'UTF-8' encoding to copy filtered resources.
2018-04-13 09:13:10,551 [Worker-23] INFO  o.e.m.c.i.embedder.EclipseLogger - skip non existing resourceDirectory H:\project1(punita medam)\E-Commerce\project1backend\src\test\resources
2018-04-13 09:13:11,971 [Worker-23] WARN  o.e.m.c.i.embedder.EclipseLogger - Using platform encoding (Cp1252 actually) to copy filtered resources, i.e. build is platform dependent!
2018-04-13 09:13:11,994 [Worker-23] INFO  o.e.m.c.i.embedder.EclipseLogger - Copying 0 resource
2018-04-13 09:13:11,996 [Worker-23] WARN  o.e.m.c.i.embedder.EclipseLogger - Using platform encoding (Cp1252 actually) to copy filtered resources, i.e. build is platform dependent!
2018-04-13 09:13:12,011 [Worker-23] INFO  o.e.m.c.i.embedder.EclipseLogger - skip non existing resourceDirectory H:\project1(punita medam)\E-Commerce\project1frontend\src\test\resources
2018-04-13 09:13:12,012 [Worker-23] INFO  o.e.m.w.i.f.ResourceFilteringBuildParticipant - Changed resources require a complete clean of filtered resources of project1frontend
2018-04-13 09:13:12,013 [Worker-23] INFO  o.e.m.w.i.f.ResourceFilteringBuildParticipant - Executing resource filtering for project1frontend
2018-04-13 09:13:12,025 [Worker-23] WARN  o.e.m.c.i.embedder.EclipseLogger - Using platform encoding (Cp1252 actually) to copy filtered resources, i.e. build is platform dependent!
2018-04-13 11:02:09,303 [Worker-39] WARN  o.e.m.c.i.embedder.EclipseLogger - Using platform encoding (Cp1252 actually) to copy filtered resources, i.e. build is platform dependent!
2018-04-13 11:02:09,326 [Worker-39] INFO  o.e.m.c.i.embedder.EclipseLogger - Copying 0 resource
2018-04-13 11:02:09,328 [Worker-39] WARN  o.e.m.c.i.embedder.EclipseLogger - Using platform encoding (Cp1252 actually) to copy filtered resources, i.e. build is platform dependent!
2018-04-13 11:02:09,341 [Worker-39] INFO  o.e.m.c.i.embedder.EclipseLogger - skip non existing resourceDirectory H:\project1(punita medam)\E-Commerce\project1frontend\src\test\resources
2018-04-13 11:02:29,993 [Worker-39] WARN  o.e.m.c.i.embedder.EclipseLogger - Using platform encoding (Cp1252 actually) to copy filtered resources, i.e. build is platform dependent!
2018-04-13 11:02:30,003 [Worker-39] INFO  o.e.m.c.i.embedder.EclipseLogger - Copying 0 resource
2018-04-13 11:02:30,004 [Worker-39] WARN  o.e.m.c.i.embedder.EclipseLogger - Using platform encoding (Cp1252 actually) to copy filtered resources, i.e. build is platform dependent!
2018-04-13 11:02:30,014 [Worker-39] INFO  o.e.m.c.i.embedder.EclipseLogger - skip non existing resourceDirectory H:\project1(punita medam)\E-Commerce\project1frontend\src\test\resources
2018-04-13 11:02:37,341 [Worker-40] INFO  o.e.m.c.i.p.ProjectConfigurationManager - Update started
2018-04-13 11:02:37,523 [Worker-40] INFO  o.e.m.c.i.l.LifecycleMappingFactory - Using org.maven.ide.eclipse.wtp.WarLifecycleMapping lifecycle mapping for MavenProject: com.niit:project1frontend:0.0.1-SNAPSHOT @ H:\project1(punita medam)\E-Commerce\project1frontend\pom.xml.
2018-04-13 11:02:38,976 [Worker-40] INFO  o.e.m.j.i.AbstractJavaProjectConfigurator - Adding source folder /project1frontend/src/main/java
2018-04-13 11:02:38,977 [Worker-40] INFO  o.e.m.j.i.AbstractJavaProjectConfigurator - Adding resource folder /project1frontend/src/main/resources
2018-04-13 11:02:38,977 [Worker-40] INFO  o.e.m.j.i.AbstractJavaProjectConfigurator - Adding source folder /project1frontend/src/test/java
2018-04-13 11:02:42,105 [Worker-40] INFO  o.e.m.w.i.f.ResourceFilteringBuildParticipant - Cleaning filtered folder for project1frontend
2018-04-13 11:02:42,111 [Worker-40] INFO  o.e.m.c.i.p.ProjectConfigurationManager - Update completed: 4 sec
2018-04-13 11:02:42,817 [Worker-40] WARN  o.e.m.c.i.embedder.EclipseLogger - Using platform encoding (Cp1252 actually) to copy filtered resources, i.e. build is platform dependent!
2018-04-13 11:02:42,832 [Worker-40] INFO  o.e.m.c.i.embedder.EclipseLogger - Copying 0 resource
2018-04-13 11:02:42,835 [Worker-40] WARN  o.e.m.c.i.embedder.EclipseLogger - Using platform encoding (Cp1252 actually) to copy filtered resources, i.e. build is platform dependent!
2018-04-13 11:02:42,857 [Worker-40] INFO  o.e.m.c.i.embedder.EclipseLogger - skip non existing resourceDirectory H:\project1(punita medam)\E-Commerce\project1frontend\src\test\resources
2018-04-13 11:02:42,858 [Worker-40] INFO  o.e.m.w.i.f.ResourceFilteringBuildParticipant - Changed resources require a complete clean of filtered resources of project1frontend
2018-04-13 11:02:42,858 [Worker-40] INFO  o.e.m.w.i.f.ResourceFilteringBuildParticipant - Executing resource filtering for project1frontend
2018-04-13 11:02:42,868 [Worker-40] WARN  o.e.m.c.i.embedder.EclipseLogger - Using platform encoding (Cp1252 actually) to copy filtered resources, i.e. build is platform dependent!
